Displaying parameters

[PARA] Input file:    data/BRCA100.exp
[PARA] Output file:   data/sjaracne_BRCA100_out_/BRCA100_run_1.adj
[PARA] MI P-value:    1e-07
[PARA] DPI tolerance: 0
[PARA] Subset of probes to reconstruct: data/tf.txt (2608)
[PARA] TF annotation list: data/tf.txt (2608)
[PARA] Npar limit:    40

[READ] 0 Description lines bypassed.
[READ] P-value columns not found.
Marker No: 28278 (28278 active), Array No: 100
MI threshold determined for p=1e-07: 0.153257
10%, time: 111
20%, time: 223
30%, time: 334
40%, time: 446
50%, time: 558
60%, time: 670
70%, time: 783
80%, time: 893
90%, time: 1004
Gene: 2608 Time: 1116
[NETWORK] Applying DPI ...
DPI running time is: 51
