Displaying parameters

[PARA] Input file:    data/BRCA100.exp
[PARA] Output file:   data/sjaracne_BRCA100_out_/BRCA100_run_2.adj
[PARA] MI P-value:    1e-07
[PARA] DPI tolerance: 0
[PARA] Subset of probes to reconstruct: data/tf.txt (2608)
[PARA] TF annotation list: data/tf.txt (2608)
[PARA] Npar limit:    40

[READ] 0 Description lines bypassed.
[READ] P-value columns not found.
Marker No: 28278 (28278 active), Array No: 100
MI threshold determined for p=1e-07: 0.153257
10%, time: 113
20%, time: 227
30%, time: 341
40%, time: 454
50%, time: 567
60%, time: 681
70%, time: 794
80%, time: 907
90%, time: 1020
Gene: 2608 Time: 1133
[NETWORK] Applying DPI ...
DPI running time is: 88
